<?xml version="1.0" encoding="UTF-8"?>
<!-- Generated by org.testng.reporters.JUnitReportReporter -->
<testsuite hostname="SruthiKallem" failures="0" tests="1" name="com.dreamportal.tests.HomePageTest" time="6.337" errors="0" timestamp="2025-06-17T12:29:39 IST" skipped="0">
  <testcase classname="com.dreamportal.tests.HomePageTest" name="testLoaderAndButton" time="6.337"/>
</testsuite> <!-- com.dreamportal.tests.HomePageTest -->
