<?xml version="1.0" encoding="UTF-8"?>
<!-- Generated by org.testng.reporters.JUnitReportReporter -->
<testsuite hostname="SruthiKallem" failures="0" tests="2" name="com.dreamportal.tests.DreamsTotalPageTest" time="4.244" errors="0" timestamp="2025-06-17T12:29:53 IST" skipped="0">
  <testcase classname="com.dreamportal.tests.DreamsTotalPageTest" name="verifyRecurringDreamsPresent" time="1.466"/>
  <testcase classname="com.dreamportal.tests.DreamsTotalPageTest" name="verifyDreamStats" time="2.778"/>
</testsuite> <!-- com.dreamportal.tests.DreamsTotalPageTest -->
