<?xml version="1.0" encoding="UTF-8"?>
<!-- Generated by org.testng.reporters.JUnitReportReporter -->
<testsuite hostname="SruthiKallem" failures="0" tests="3" name="com.dreamportal.tests.DreamsDiaryPageTest" time="5.373" errors="0" timestamp="2025-06-17T12:30:07 IST" skipped="0">
  <testcase classname="com.dreamportal.tests.DreamsDiaryPageTest" name="verifyAllDreamTypesValid" time="1.544"/>
  <testcase classname="com.dreamportal.tests.DreamsDiaryPageTest" name="verifyDreamEntriesCount" time="1.964"/>
  <testcase classname="com.dreamportal.tests.DreamsDiaryPageTest" name="verifyAllRowsHaveData" time="1.865"/>
</testsuite> <!-- com.dreamportal.tests.DreamsDiaryPageTest -->
